2026-03-20 14:14:21 - INFO - 空气质量数据模拟器启动
2026-03-20 14:14:21 - INFO - 成功读取Excel文件并计算统计量，指标列：['AQI', 'PM\u2082.\u2085', 'NO\u2082', 'SO\u2082', 'O\u2083']
2026-03-20 14:14:32 - INFO - 开始生成数据，频率：1000ms，模拟器数量：10
2026-03-20 14:14:32 - INFO - 模拟器 1 开始生成数据
2026-03-20 14:14:32 - INFO - 模拟器 1 已启动，频率：1000ms
2026-03-20 14:14:32 - INFO - 模拟器 2 开始生成数据
2026-03-20 14:14:32 - INFO - 模拟器 2 已启动，频率：1000ms
2026-03-20 14:14:32 - INFO - 模拟器 3 开始生成数据
2026-03-20 14:14:32 - INFO - 模拟器 3 已启动，频率：1000ms
2026-03-20 14:14:32 - INFO - 模拟器 4 开始生成数据
2026-03-20 14:14:32 - INFO - 模拟器 4 已启动，频率：1000ms
2026-03-20 14:14:32 - INFO - 模拟器 5 开始生成数据
2026-03-20 14:14:32 - INFO - 模拟器 5 已启动，频率：1000ms
2026-03-20 14:14:32 - INFO - 模拟器 6 开始生成数据
2026-03-20 14:14:32 - INFO - 模拟器 6 已启动，频率：1000ms
2026-03-20 14:14:32 - INFO - 模拟器 7 开始生成数据
2026-03-20 14:14:32 - INFO - 模拟器 7 已启动，频率：1000ms
2026-03-20 14:14:32 - INFO - 模拟器 8 开始生成数据
2026-03-20 14:14:32 - INFO - 模拟器 8 已启动，频率：1000ms
2026-03-20 14:14:32 - INFO - 模拟器 9 开始生成数据
2026-03-20 14:14:32 - INFO - 模拟器 9 已启动，频率：1000ms
2026-03-20 14:14:32 - INFO - 模拟器 10 开始生成数据
2026-03-20 14:14:32 - INFO - 模拟器 10 已启动，频率：1000ms
2026-03-20 14:14:32 - INFO - 数据监听线程已启动
2026-03-20 14:14:41 - INFO - 模拟器 6 正常生成数据，已生成 10 条
2026-03-20 14:14:41 - INFO - 模拟器 1 正常生成数据，已生成 10 条
2026-03-20 14:14:41 - INFO - 模拟器 7 正常生成数据，已生成 10 条
2026-03-20 14:14:41 - INFO - 模拟器 4 正常生成数据，已生成 10 条
2026-03-20 14:14:41 - INFO - 模拟器 2 正常生成数据，已生成 10 条
2026-03-20 14:14:41 - INFO - 模拟器 3 正常生成数据，已生成 10 条
2026-03-20 14:14:41 - INFO - 模拟器 5 正常生成数据，已生成 10 条
2026-03-20 14:14:41 - INFO - 模拟器 8 正常生成数据，已生成 10 条
2026-03-20 14:14:41 - INFO - 模拟器 10 正常生成数据，已生成 10 条
2026-03-20 14:14:41 - INFO - 模拟器 9 正常生成数据，已生成 10 条
2026-03-20 14:14:51 - INFO - 模拟器 5 数据已保存到 simulated_air_data_5.json
2026-03-20 14:14:51 - INFO - 模拟器 5 正常生成数据，已生成 20 条
2026-03-20 14:14:51 - INFO - 模拟器 2 数据已保存到 simulated_air_data_2.json
2026-03-20 14:14:51 - INFO - 模拟器 7 数据已保存到 simulated_air_data_7.json
2026-03-20 14:14:51 - INFO - 模拟器 2 正常生成数据，已生成 20 条
2026-03-20 14:14:51 - INFO - 模拟器 4 数据已保存到 simulated_air_data_4.json
2026-03-20 14:14:51 - INFO - 模拟器 7 正常生成数据，已生成 20 条
2026-03-20 14:14:51 - INFO - 模拟器 3 数据已保存到 simulated_air_data_3.json
2026-03-20 14:14:51 - INFO - 模拟器 6 数据已保存到 simulated_air_data_6.json
2026-03-20 14:14:51 - INFO - 模拟器 1 数据已保存到 simulated_air_data_1.json
2026-03-20 14:14:51 - INFO - 模拟器 4 正常生成数据，已生成 20 条
2026-03-20 14:14:51 - INFO - 模拟器 3 正常生成数据，已生成 20 条
2026-03-20 14:14:51 - INFO - 模拟器 6 正常生成数据，已生成 20 条
2026-03-20 14:14:51 - INFO - 模拟器 1 正常生成数据，已生成 20 条
2026-03-20 14:14:51 - INFO - 模拟器 10 数据已保存到 simulated_air_data_10.json
2026-03-20 14:14:51 - INFO - 模拟器 10 正常生成数据，已生成 20 条
2026-03-20 14:14:51 - INFO - 模拟器 8 数据已保存到 simulated_air_data_8.json
2026-03-20 14:14:51 - INFO - 模拟器 8 正常生成数据，已生成 20 条
2026-03-20 14:14:51 - INFO - 模拟器 9 数据已保存到 simulated_air_data_9.json
2026-03-20 14:14:51 - INFO - 模拟器 9 正常生成数据，已生成 20 条
2026-03-20 14:14:54 - INFO - 停止生成数据
2026-03-20 14:14:54 - INFO - 模拟器 1 停止生成数据
2026-03-20 14:14:54 - INFO - 模拟器 1 已停止
2026-03-20 14:14:55 - INFO - 模拟器 2 停止生成数据
2026-03-20 14:14:55 - INFO - 模拟器 2 已停止
2026-03-20 14:14:56 - INFO - 模拟器 3 停止生成数据
2026-03-20 14:14:56 - INFO - 模拟器 3 已停止
2026-03-20 14:14:57 - INFO - 模拟器 4 停止生成数据
2026-03-20 14:14:57 - INFO - 模拟器 4 已停止
2026-03-20 14:14:58 - INFO - 模拟器 5 停止生成数据
2026-03-20 14:14:58 - INFO - 模拟器 5 已停止
2026-03-20 14:14:58 - INFO - 模拟器 6 停止生成数据
2026-03-20 14:14:58 - INFO - 模拟器 6 已停止
2026-03-20 14:14:59 - INFO - 模拟器 7 停止生成数据
2026-03-20 14:14:59 - INFO - 模拟器 7 已停止
2026-03-20 14:14:59 - INFO - 模拟器 8 停止生成数据
2026-03-20 14:14:59 - INFO - 模拟器 8 已停止
2026-03-20 14:14:59 - INFO - 模拟器 9 停止生成数据
2026-03-20 14:14:59 - INFO - 模拟器 9 已停止
2026-03-20 14:15:00 - INFO - 模拟器 10 停止生成数据
2026-03-20 14:15:00 - INFO - 模拟器 10 已停止
2026-03-20 14:15:00 - INFO - 所有模拟器已停止
2026-03-20 14:15:00 - INFO - 空气质量数据模拟器关闭，运行时间：39.62秒
2026-03-20 14:28:12 - INFO - 空气质量数据模拟器启动
2026-03-20 14:28:12 - INFO - 成功读取Excel文件并计算统计量，指标列：['AQI', 'PM\u2082.\u2085', 'NO\u2082', 'SO\u2082', 'O\u2083']
2026-03-20 14:28:16 - INFO - 开始生成数据，频率：1000ms，模拟器数量：10
2026-03-20 14:28:16 - INFO - 模拟器 1 开始生成数据
2026-03-20 14:28:16 - INFO - 模拟器 1 已启动，频率：1000ms
2026-03-20 14:28:16 - INFO - 模拟器 2 开始生成数据
2026-03-20 14:28:16 - INFO - 模拟器 2 已启动，频率：1000ms
2026-03-20 14:28:16 - INFO - 模拟器 3 开始生成数据
2026-03-20 14:28:16 - INFO - 模拟器 3 已启动，频率：1000ms
2026-03-20 14:28:16 - INFO - 模拟器 4 开始生成数据
2026-03-20 14:28:16 - INFO - 模拟器 4 已启动，频率：1000ms
2026-03-20 14:28:16 - INFO - 模拟器 5 开始生成数据
2026-03-20 14:28:16 - INFO - 模拟器 5 已启动，频率：1000ms
2026-03-20 14:28:16 - INFO - 模拟器 6 开始生成数据
2026-03-20 14:28:16 - INFO - 模拟器 6 已启动，频率：1000ms
2026-03-20 14:28:16 - INFO - 模拟器 7 开始生成数据
2026-03-20 14:28:16 - INFO - 模拟器 7 已启动，频率：1000ms
2026-03-20 14:28:16 - INFO - 模拟器 8 开始生成数据
2026-03-20 14:28:16 - INFO - 模拟器 8 已启动，频率：1000ms
2026-03-20 14:28:16 - INFO - 模拟器 9 开始生成数据
2026-03-20 14:28:16 - INFO - 模拟器 9 已启动，频率：1000ms
2026-03-20 14:28:16 - INFO - 模拟器 10 开始生成数据
2026-03-20 14:28:16 - INFO - 模拟器 10 已启动，频率：1000ms
2026-03-20 14:28:16 - INFO - 数据监听线程已启动
2026-03-20 14:28:25 - INFO - 模拟器 3 正常生成数据，已生成 10 条
2026-03-20 14:28:25 - INFO - 模拟器 4 正常生成数据，已生成 10 条
2026-03-20 14:28:25 - INFO - 模拟器 9 正常生成数据，已生成 10 条
2026-03-20 14:28:25 - INFO - 模拟器 8 正常生成数据，已生成 10 条
2026-03-20 14:28:25 - INFO - 模拟器 10 正常生成数据，已生成 10 条
2026-03-20 14:28:25 - INFO - 模拟器 2 正常生成数据，已生成 10 条
2026-03-20 14:28:25 - INFO - 模拟器 5 正常生成数据，已生成 10 条
2026-03-20 14:28:25 - INFO - 模拟器 6 正常生成数据，已生成 10 条
2026-03-20 14:28:25 - INFO - 模拟器 1 正常生成数据，已生成 10 条
2026-03-20 14:28:25 - INFO - 模拟器 7 正常生成数据，已生成 10 条
2026-03-20 14:28:31 - INFO - 停止生成数据
2026-03-20 14:28:31 - INFO - 模拟器 1 停止生成数据
2026-03-20 14:28:31 - INFO - 模拟器 1 已停止
2026-03-20 14:28:32 - INFO - 模拟器 2 停止生成数据
2026-03-20 14:28:32 - INFO - 模拟器 2 已停止
2026-03-20 14:28:33 - INFO - 模拟器 3 停止生成数据
2026-03-20 14:28:33 - INFO - 模拟器 3 已停止
2026-03-20 14:28:34 - INFO - 模拟器 4 停止生成数据
2026-03-20 14:28:34 - INFO - 模拟器 4 已停止
2026-03-20 14:28:35 - INFO - 模拟器 5 停止生成数据
2026-03-20 14:28:35 - INFO - 模拟器 5 已停止
2026-03-20 14:28:35 - INFO - 模拟器 6 数据已保存到 simulated_air_data_6.json
2026-03-20 14:28:35 - INFO - 模拟器 6 正常生成数据，已生成 20 条
2026-03-20 14:28:35 - INFO - 模拟器 10 数据已保存到 simulated_air_data_10.json
2026-03-20 14:28:35 - INFO - 模拟器 10 正常生成数据，已生成 20 条
2026-03-20 14:28:35 - INFO - 模拟器 8 数据已保存到 simulated_air_data_8.json
2026-03-20 14:28:35 - INFO - 模拟器 8 正常生成数据，已生成 20 条
2026-03-20 14:28:35 - INFO - 模拟器 9 数据已保存到 simulated_air_data_9.json
2026-03-20 14:28:35 - INFO - 模拟器 9 正常生成数据，已生成 20 条
2026-03-20 14:28:35 - INFO - 模拟器 7 数据已保存到 simulated_air_data_7.json
2026-03-20 14:28:35 - INFO - 模拟器 7 正常生成数据，已生成 20 条
2026-03-20 14:28:36 - INFO - 模拟器 6 停止生成数据
2026-03-20 14:28:36 - INFO - 模拟器 6 已停止
2026-03-20 14:28:36 - INFO - 模拟器 7 停止生成数据
2026-03-20 14:28:36 - INFO - 模拟器 7 已停止
2026-03-20 14:28:37 - INFO - 模拟器 8 停止生成数据
2026-03-20 14:28:37 - INFO - 模拟器 8 已停止
2026-03-20 14:28:38 - INFO - 模拟器 9 停止生成数据
2026-03-20 14:28:38 - INFO - 模拟器 9 已停止
2026-03-20 14:28:39 - INFO - 模拟器 10 停止生成数据
2026-03-20 14:28:39 - INFO - 模拟器 10 已停止
2026-03-20 14:28:39 - INFO - 所有模拟器已停止
2026-03-20 14:29:22 - INFO - 空气质量数据模拟器关闭，运行时间：69.71秒
2026-03-20 14:31:56 - INFO - 空气质量数据模拟器启动
2026-03-20 14:31:56 - INFO - 成功读取Excel文件并计算统计量，指标列：['AQI', 'PM\u2082.\u2085', 'NO\u2082', 'SO\u2082', 'O\u2083']
2026-03-20 14:32:05 - INFO - 开始生成数据，频率：1000ms，模拟器数量：10
2026-03-20 14:32:05 - INFO - 模拟器 1 开始生成数据
2026-03-20 14:32:05 - INFO - 模拟器 1 已启动，频率：1000ms
2026-03-20 14:32:05 - INFO - 模拟器 2 开始生成数据
2026-03-20 14:32:05 - INFO - 模拟器 2 已启动，频率：1000ms
2026-03-20 14:32:05 - INFO - 模拟器 3 开始生成数据
2026-03-20 14:32:05 - INFO - 模拟器 3 已启动，频率：1000ms
2026-03-20 14:32:05 - INFO - 模拟器 4 开始生成数据
2026-03-20 14:32:05 - INFO - 模拟器 4 已启动，频率：1000ms
2026-03-20 14:32:05 - INFO - 模拟器 5 开始生成数据
2026-03-20 14:32:05 - INFO - 模拟器 5 已启动，频率：1000ms
2026-03-20 14:32:05 - INFO - 模拟器 6 开始生成数据
2026-03-20 14:32:05 - INFO - 模拟器 6 已启动，频率：1000ms
2026-03-20 14:32:05 - INFO - 模拟器 7 开始生成数据
2026-03-20 14:32:05 - INFO - 模拟器 7 已启动，频率：1000ms
2026-03-20 14:32:05 - INFO - 模拟器 8 开始生成数据
2026-03-20 14:32:05 - INFO - 模拟器 8 已启动，频率：1000ms
2026-03-20 14:32:05 - INFO - 模拟器 9 开始生成数据
2026-03-20 14:32:05 - INFO - 模拟器 9 已启动，频率：1000ms
2026-03-20 14:32:05 - INFO - 模拟器 10 开始生成数据
2026-03-20 14:32:05 - INFO - 模拟器 10 已启动，频率：1000ms
2026-03-20 14:32:05 - INFO - 数据监听线程已启动
2026-03-20 14:32:14 - INFO - 模拟器 3 正常生成数据，已生成 10 条
2026-03-20 14:32:14 - INFO - 模拟器 8 正常生成数据，已生成 10 条
2026-03-20 14:32:14 - INFO - 模拟器 7 正常生成数据，已生成 10 条
2026-03-20 14:32:14 - INFO - 模拟器 1 正常生成数据，已生成 10 条
2026-03-20 14:32:14 - INFO - 模拟器 4 正常生成数据，已生成 10 条
2026-03-20 14:32:14 - INFO - 模拟器 9 正常生成数据，已生成 10 条
2026-03-20 14:32:14 - INFO - 模拟器 6 正常生成数据，已生成 10 条
2026-03-20 14:32:14 - INFO - 模拟器 5 正常生成数据，已生成 10 条
2026-03-20 14:32:14 - INFO - 模拟器 2 正常生成数据，已生成 10 条
2026-03-20 14:32:14 - INFO - 模拟器 10 正常生成数据，已生成 10 条
2026-03-20 14:32:21 - INFO - 停止生成数据
2026-03-20 14:32:22 - INFO - 模拟器 1 停止生成数据
2026-03-20 14:32:22 - INFO - 模拟器 1 已停止
2026-03-20 14:32:23 - INFO - 模拟器 2 停止生成数据
2026-03-20 14:32:23 - INFO - 模拟器 2 已停止
2026-03-20 14:32:23 - INFO - 模拟器 3 停止生成数据
2026-03-20 14:32:23 - INFO - 模拟器 3 已停止
2026-03-20 14:32:23 - INFO - 模拟器 4 停止生成数据
2026-03-20 14:32:23 - INFO - 模拟器 4 已停止
2026-03-20 14:32:24 - INFO - 模拟器 7 数据已保存到 simulated_air_data_7.json
2026-03-20 14:32:24 - INFO - 模拟器 7 正常生成数据，已生成 20 条
2026-03-20 14:32:24 - INFO - 模拟器 6 数据已保存到 simulated_air_data_6.json
2026-03-20 14:32:24 - INFO - 模拟器 6 正常生成数据，已生成 20 条
2026-03-20 14:32:24 - INFO - 模拟器 5 停止生成数据
2026-03-20 14:32:24 - INFO - 模拟器 5 已停止
2026-03-20 14:32:24 - INFO - 模拟器 10 数据已保存到 simulated_air_data_10.json
2026-03-20 14:32:24 - INFO - 模拟器 10 正常生成数据，已生成 20 条
2026-03-20 14:32:24 - INFO - 模拟器 9 数据已保存到 simulated_air_data_9.json
2026-03-20 14:32:24 - INFO - 模拟器 9 正常生成数据，已生成 20 条
2026-03-20 14:32:24 - INFO - 模拟器 8 数据已保存到 simulated_air_data_8.json
2026-03-20 14:32:24 - INFO - 模拟器 8 正常生成数据，已生成 20 条
2026-03-20 14:32:25 - INFO - 模拟器 6 停止生成数据
2026-03-20 14:32:25 - INFO - 模拟器 6 已停止
2026-03-20 14:32:26 - INFO - 模拟器 7 停止生成数据
2026-03-20 14:32:26 - INFO - 模拟器 7 已停止
2026-03-20 14:32:26 - INFO - 模拟器 8 停止生成数据
2026-03-20 14:32:26 - INFO - 模拟器 8 已停止
2026-03-20 14:32:27 - INFO - 模拟器 9 停止生成数据
2026-03-20 14:32:27 - INFO - 模拟器 9 已停止
2026-03-20 14:32:28 - INFO - 模拟器 10 停止生成数据
2026-03-20 14:32:28 - INFO - 模拟器 10 已停止
2026-03-20 14:32:28 - INFO - 所有模拟器已停止
2026-03-20 14:32:35 - INFO - 空气质量数据模拟器关闭，运行时间：38.77秒
2026-03-20 14:32:42 - INFO - 空气质量数据模拟器启动
2026-03-20 14:32:42 - INFO - 成功读取Excel文件并计算统计量，指标列：['AQI', 'PM\u2082.\u2085', 'NO\u2082', 'SO\u2082', 'O\u2083']
2026-03-20 14:32:44 - INFO - 开始生成数据，频率：1000ms，模拟器数量：10
2026-03-20 14:32:44 - INFO - 模拟器 1 开始生成数据
2026-03-20 14:32:44 - INFO - 模拟器 1 已启动，频率：1000ms
2026-03-20 14:32:44 - INFO - 模拟器 2 开始生成数据
2026-03-20 14:32:44 - INFO - 模拟器 2 已启动，频率：1000ms
2026-03-20 14:32:44 - INFO - 模拟器 3 开始生成数据
2026-03-20 14:32:44 - INFO - 模拟器 3 已启动，频率：1000ms
2026-03-20 14:32:44 - INFO - 模拟器 4 开始生成数据
2026-03-20 14:32:44 - INFO - 模拟器 4 已启动，频率：1000ms
2026-03-20 14:32:44 - INFO - 模拟器 5 开始生成数据
2026-03-20 14:32:44 - INFO - 模拟器 5 已启动，频率：1000ms
2026-03-20 14:32:44 - INFO - 模拟器 6 开始生成数据
2026-03-20 14:32:44 - INFO - 模拟器 6 已启动，频率：1000ms
2026-03-20 14:32:44 - INFO - 模拟器 7 开始生成数据
2026-03-20 14:32:44 - INFO - 模拟器 7 已启动，频率：1000ms
2026-03-20 14:32:44 - INFO - 模拟器 8 开始生成数据
2026-03-20 14:32:44 - INFO - 模拟器 8 已启动，频率：1000ms
2026-03-20 14:32:44 - INFO - 模拟器 9 开始生成数据
2026-03-20 14:32:44 - INFO - 模拟器 9 已启动，频率：1000ms
2026-03-20 14:32:44 - INFO - 模拟器 10 开始生成数据
2026-03-20 14:32:44 - INFO - 模拟器 10 已启动，频率：1000ms
2026-03-20 14:32:44 - INFO - 数据监听线程已启动
2026-03-20 14:32:48 - INFO - 停止生成数据
2026-03-20 14:32:48 - INFO - 模拟器 1 停止生成数据
2026-03-20 14:32:48 - INFO - 模拟器 1 已停止
2026-03-20 14:32:49 - INFO - 模拟器 2 停止生成数据
2026-03-20 14:32:49 - INFO - 模拟器 2 已停止
2026-03-20 14:32:50 - INFO - 模拟器 3 停止生成数据
2026-03-20 14:32:50 - INFO - 模拟器 3 已停止
2026-03-20 14:32:51 - INFO - 模拟器 4 停止生成数据
2026-03-20 14:32:51 - INFO - 模拟器 4 已停止
2026-03-20 14:32:51 - INFO - 模拟器 5 停止生成数据
2026-03-20 14:32:51 - INFO - 模拟器 5 已停止
2026-03-20 14:32:52 - INFO - 模拟器 6 停止生成数据
2026-03-20 14:32:52 - INFO - 模拟器 6 已停止
2026-03-20 14:32:53 - INFO - 模拟器 7 停止生成数据
2026-03-20 14:32:53 - INFO - 模拟器 7 已停止
2026-03-20 14:32:53 - INFO - 模拟器 10 正常生成数据，已生成 10 条
2026-03-20 14:32:53 - INFO - 模拟器 8 正常生成数据，已生成 10 条
2026-03-20 14:32:53 - INFO - 模拟器 9 正常生成数据，已生成 10 条
2026-03-20 14:32:54 - INFO - 模拟器 8 停止生成数据
2026-03-20 14:32:54 - INFO - 模拟器 8 已停止
2026-03-20 14:32:55 - INFO - 模拟器 9 停止生成数据
2026-03-20 14:32:55 - INFO - 模拟器 9 已停止
2026-03-20 14:32:56 - INFO - 模拟器 10 停止生成数据
2026-03-20 14:32:56 - INFO - 模拟器 10 已停止
2026-03-20 14:32:56 - INFO - 所有模拟器已停止
2026-03-20 14:33:07 - INFO - 空气质量数据模拟器关闭，运行时间：25.19秒
2026-03-20 14:34:10 - INFO - 空气质量数据模拟器启动
2026-03-20 14:34:11 - INFO - 成功读取Excel文件并计算统计量，指标列：['AQI', 'PM\u2082.\u2085', 'NO\u2082', 'SO\u2082', 'O\u2083']
2026-03-20 14:34:14 - INFO - 开始生成数据，频率：1000ms，模拟器数量：10
2026-03-20 14:34:14 - INFO - 模拟器 1 开始生成数据
2026-03-20 14:34:14 - INFO - 模拟器 1 已启动，频率：1000ms
2026-03-20 14:34:14 - INFO - 模拟器 2 开始生成数据
2026-03-20 14:34:14 - INFO - 模拟器 2 已启动，频率：1000ms
2026-03-20 14:34:14 - INFO - 模拟器 3 开始生成数据
2026-03-20 14:34:14 - INFO - 模拟器 3 已启动，频率：1000ms
2026-03-20 14:34:14 - INFO - 模拟器 4 开始生成数据
2026-03-20 14:34:14 - INFO - 模拟器 4 已启动，频率：1000ms
2026-03-20 14:34:14 - INFO - 模拟器 5 开始生成数据
2026-03-20 14:34:14 - INFO - 模拟器 5 已启动，频率：1000ms
2026-03-20 14:34:14 - INFO - 模拟器 6 开始生成数据
2026-03-20 14:34:14 - INFO - 模拟器 6 已启动，频率：1000ms
2026-03-20 14:34:14 - INFO - 模拟器 7 开始生成数据
2026-03-20 14:34:14 - INFO - 模拟器 7 已启动，频率：1000ms
2026-03-20 14:34:14 - INFO - 模拟器 8 开始生成数据
2026-03-20 14:34:14 - INFO - 模拟器 8 已启动，频率：1000ms
2026-03-20 14:34:14 - INFO - 模拟器 9 开始生成数据
2026-03-20 14:34:14 - INFO - 模拟器 9 已启动，频率：1000ms
2026-03-20 14:34:14 - INFO - 模拟器 10 开始生成数据
2026-03-20 14:34:14 - INFO - 模拟器 10 已启动，频率：1000ms
2026-03-20 14:34:14 - INFO - 数据监听线程已启动
2026-03-20 14:34:23 - INFO - 模拟器 6 正常生成数据，已生成 10 条
2026-03-20 14:34:23 - INFO - 模拟器 10 正常生成数据，已生成 10 条
2026-03-20 14:34:23 - INFO - 模拟器 3 正常生成数据，已生成 10 条
2026-03-20 14:34:23 - INFO - 模拟器 5 正常生成数据，已生成 10 条
2026-03-20 14:34:23 - INFO - 模拟器 1 正常生成数据，已生成 10 条
2026-03-20 14:34:23 - INFO - 模拟器 7 正常生成数据，已生成 10 条
2026-03-20 14:34:23 - INFO - 模拟器 9 正常生成数据，已生成 10 条
2026-03-20 14:34:23 - INFO - 模拟器 8 正常生成数据，已生成 10 条
2026-03-20 14:34:23 - INFO - 模拟器 2 正常生成数据，已生成 10 条
2026-03-20 14:34:23 - INFO - 模拟器 4 正常生成数据，已生成 10 条
2026-03-20 14:34:30 - INFO - 停止生成数据
2026-03-20 14:34:31 - INFO - 模拟器 1 停止生成数据
2026-03-20 14:34:31 - INFO - 模拟器 1 已停止
2026-03-20 14:34:32 - INFO - 模拟器 2 停止生成数据
2026-03-20 14:34:32 - INFO - 模拟器 2 已停止
2026-03-20 14:34:33 - INFO - 模拟器 4 数据已保存到 simulated_air_data_4.json
2026-03-20 14:34:33 - INFO - 模拟器 4 正常生成数据，已生成 20 条
2026-03-20 14:34:33 - INFO - 模拟器 3 停止生成数据
2026-03-20 14:34:33 - INFO - 模拟器 9 数据已保存到 simulated_air_data_9.json
2026-03-20 14:34:33 - INFO - 模拟器 9 正常生成数据，已生成 20 条
2026-03-20 14:34:33 - INFO - 模拟器 7 数据已保存到 simulated_air_data_7.json
2026-03-20 14:34:33 - INFO - 模拟器 7 正常生成数据，已生成 20 条
2026-03-20 14:34:33 - INFO - 模拟器 3 已停止
2026-03-20 14:34:33 - INFO - 模拟器 6 数据已保存到 simulated_air_data_6.json
2026-03-20 14:34:33 - INFO - 模拟器 6 正常生成数据，已生成 20 条
2026-03-20 14:34:33 - INFO - 模拟器 10 数据已保存到 simulated_air_data_10.json
2026-03-20 14:34:33 - INFO - 模拟器 10 正常生成数据，已生成 20 条
2026-03-20 14:34:33 - INFO - 模拟器 5 数据已保存到 simulated_air_data_5.json
2026-03-20 14:34:33 - INFO - 模拟器 5 正常生成数据，已生成 20 条
2026-03-20 14:34:33 - INFO - 模拟器 8 数据已保存到 simulated_air_data_8.json
2026-03-20 14:34:33 - INFO - 模拟器 8 正常生成数据，已生成 20 条
2026-03-20 14:34:34 - INFO - 模拟器 4 停止生成数据
2026-03-20 14:34:34 - INFO - 模拟器 4 已停止
2026-03-20 14:34:34 - INFO - 模拟器 5 停止生成数据
2026-03-20 14:34:34 - INFO - 模拟器 5 已停止
2026-03-20 14:34:35 - INFO - 模拟器 6 停止生成数据
2026-03-20 14:34:35 - INFO - 模拟器 6 已停止
2026-03-20 14:34:36 - INFO - 模拟器 7 停止生成数据
2026-03-20 14:34:36 - INFO - 模拟器 7 已停止
2026-03-20 14:34:36 - INFO - 模拟器 8 停止生成数据
2026-03-20 14:34:36 - INFO - 模拟器 8 已停止
2026-03-20 14:34:37 - INFO - 模拟器 9 停止生成数据
2026-03-20 14:34:37 - INFO - 模拟器 9 已停止
2026-03-20 14:34:37 - INFO - 模拟器 10 停止生成数据
2026-03-20 14:34:37 - INFO - 模拟器 10 已停止
2026-03-20 14:34:37 - INFO - 所有模拟器已停止
2026-03-20 14:34:43 - INFO - 空气质量数据模拟器关闭，运行时间：32.65秒
